[03-Feb-2017 09:34:05 UTC] PHP Warning:  require_once(includes/includes.php): failed to open stream: No such file or directory in /home/ubuntu/workspace/admin/index.php on line 5
[03-Feb-2017 09:34:05 UTC] PHP Stack trace:
[03-Feb-2017 09:34:05 UTC] PHP   1. {main}() /home/ubuntu/workspace/admin/index.php:0
[03-Feb-2017 09:34:05 UTC] PHP Fatal error:  require_once(): Failed opening required 'includes/includes.php' (include_path='.:/usr/share/php:/usr/share/pear') in /home/ubuntu/workspace/admin/index.php on line 5
[03-Feb-2017 09:34:05 UTC] PHP Stack trace:
[03-Feb-2017 09:34:05 UTC] PHP   1. {main}() /home/ubuntu/workspace/admin/index.php:0
[03-Feb-2017 09:34:09 UTC] PHP Warning:  require_once(includes/includes.php): failed to open stream: No such file or directory in /home/ubuntu/workspace/admin/index.php on line 5
[03-Feb-2017 09:34:09 UTC] PHP Stack trace:
[03-Feb-2017 09:34:09 UTC] PHP   1. {main}() /home/ubuntu/workspace/admin/index.php:0
[03-Feb-2017 09:34:09 UTC] PHP Fatal error:  require_once(): Failed opening required 'includes/includes.php' (include_path='.:/usr/share/php:/usr/share/pear') in /home/ubuntu/workspace/admin/index.php on line 5
[03-Feb-2017 09:34:09 UTC] PHP Stack trace:
[03-Feb-2017 09:34:09 UTC] PHP   1. {main}() /home/ubuntu/workspace/admin/index.php:0
[03-Feb-2017 09:34:36 UTC] PHP Warning:  require_once(includes/includes.php): failed to open stream: No such file or directory in /home/ubuntu/workspace/admin/index.php on line 5
[03-Feb-2017 09:34:36 UTC] PHP Stack trace:
[03-Feb-2017 09:34:36 UTC] PHP   1. {main}() /home/ubuntu/workspace/admin/index.php:0
[03-Feb-2017 09:34:36 UTC] PHP Fatal error:  require_once(): Failed opening required 'includes/includes.php' (include_path='.:/usr/share/php:/usr/share/pear') in /home/ubuntu/workspace/admin/index.php on line 5
[03-Feb-2017 09:34:36 UTC] PHP Stack trace:
[03-Feb-2017 09:34:36 UTC] PHP   1. {main}() /home/ubuntu/workspace/admin/index.php:0
[03-Feb-2017 09:35:26 UTC] PHP Parse error:  syntax error, unexpected end of file in /home/ubuntu/workspace/admin/include/includes.php on line 11
[03-Feb-2017 09:35:26 UTC] PHP Stack trace:
[03-Feb-2017 09:35:26 UTC] PHP   1. {main}() /home/ubuntu/workspace/admin/index.php:0
[03-Feb-2017 09:35:55 UTC] PHP Warning:  require_once(includes/config.php): failed to open stream: No such file or directory in /home/ubuntu/workspace/admin/include/includes.php on line 6
[03-Feb-2017 09:35:55 UTC] PHP Stack trace:
[03-Feb-2017 09:35:55 UTC] PHP   1. {main}() /home/ubuntu/workspace/admin/index.php:0
[03-Feb-2017 09:35:55 UTC] PHP   2. require_once() /home/ubuntu/workspace/admin/index.php:5
[03-Feb-2017 09:35:55 UTC] PHP Fatal error:  require_once(): Failed opening required 'includes/config.php' (include_path='.:/usr/share/php:/usr/share/pear') in /home/ubuntu/workspace/admin/include/includes.php on line 6
[03-Feb-2017 09:35:55 UTC] PHP Stack trace:
[03-Feb-2017 09:35:55 UTC] PHP   1. {main}() /home/ubuntu/workspace/admin/index.php:0
[03-Feb-2017 09:35:55 UTC] PHP   2. require_once() /home/ubuntu/workspace/admin/index.php:5
[03-Feb-2017 09:38:31 UTC] PHP Warning:  require_once(includes/config.php): failed to open stream: No such file or directory in /home/ubuntu/workspace/admin/include/includes.php on line 6
[03-Feb-2017 09:38:31 UTC] PHP Stack trace:
[03-Feb-2017 09:38:31 UTC] PHP   1. {main}() /home/ubuntu/workspace/admin/index.php:0
[03-Feb-2017 09:38:31 UTC] PHP   2. require_once() /home/ubuntu/workspace/admin/index.php:5
[03-Feb-2017 09:38:31 UTC] PHP Fatal error:  require_once(): Failed opening required 'includes/config.php' (include_path='.:/usr/share/php:/usr/share/pear') in /home/ubuntu/workspace/admin/include/includes.php on line 6
[03-Feb-2017 09:38:31 UTC] PHP Stack trace:
[03-Feb-2017 09:38:31 UTC] PHP   1. {main}() /home/ubuntu/workspace/admin/index.php:0
[03-Feb-2017 09:38:31 UTC] PHP   2. require_once() /home/ubuntu/workspace/admin/index.php:5
[03-Feb-2017 09:38:52 UTC] PHP Warning:  require_once(include/functions.php): failed to open stream: No such file or directory in /home/ubuntu/workspace/admin/include/includes.php on line 7
[03-Feb-2017 09:38:52 UTC] PHP Stack trace:
[03-Feb-2017 09:38:52 UTC] PHP   1. {main}() /home/ubuntu/workspace/admin/index.php:0
[03-Feb-2017 09:38:52 UTC] PHP   2. require_once() /home/ubuntu/workspace/admin/index.php:5
[03-Feb-2017 09:38:52 UTC] PHP Fatal error:  require_once(): Failed opening required 'include/functions.php' (include_path='.:/usr/share/php:/usr/share/pear') in /home/ubuntu/workspace/admin/include/includes.php on line 7
[03-Feb-2017 09:38:52 UTC] PHP Stack trace:
[03-Feb-2017 09:38:52 UTC] PHP   1. {main}() /home/ubuntu/workspace/admin/index.php:0
[03-Feb-2017 09:38:52 UTC] PHP   2. require_once() /home/ubuntu/workspace/admin/index.php:5
[03-Feb-2017 09:39:29 UTC] PHP Parse error:  syntax error, unexpected end of file, expecting function (T_FUNCTION) in /home/ubuntu/workspace/admin/include/classes/class.user.php on line 55
[03-Feb-2017 09:39:29 UTC] PHP Stack trace:
[03-Feb-2017 09:39:29 UTC] PHP   1. {main}() /home/ubuntu/workspace/admin/index.php:0
[03-Feb-2017 09:39:29 UTC] PHP   2. require_once() /home/ubuntu/workspace/admin/index.php:5
[03-Feb-2017 10:32:34 UTC] PHP Parse error:  syntax error, unexpected end of file, expecting function (T_FUNCTION) in /home/ubuntu/workspace/admin/include/classes/class.user.php on line 55
[03-Feb-2017 10:32:34 UTC] PHP Stack trace:
[03-Feb-2017 10:32:34 UTC] PHP   1. {main}() /home/ubuntu/workspace/admin/index.php:0
[03-Feb-2017 10:32:34 UTC] PHP   2. require_once() /home/ubuntu/workspace/admin/index.php:5
[03-Feb-2017 10:33:33 UTC] PHP Parse error:  syntax error, unexpected end of file, expecting function (T_FUNCTION) in /home/ubuntu/workspace/admin/include/classes/class.user.php on line 55
[03-Feb-2017 10:33:33 UTC] PHP Stack trace:
[03-Feb-2017 10:33:33 UTC] PHP   1. {main}() /home/ubuntu/workspace/admin/index.php:0
[03-Feb-2017 10:33:33 UTC] PHP   2. require_once() /home/ubuntu/workspace/admin/index.php:5
[03-Feb-2017 10:35:27 UTC] PHP Parse error:  syntax error, unexpected end of file, expecting function (T_FUNCTION) in /home/ubuntu/workspace/admin/include/classes/class.user.php on line 55
[03-Feb-2017 10:35:27 UTC] PHP Stack trace:
[03-Feb-2017 10:35:27 UTC] PHP   1. {main}() /home/ubuntu/workspace/admin/index.php:0
[03-Feb-2017 10:35:27 UTC] PHP   2. require_once() /home/ubuntu/workspace/admin/index.php:5
[03-Feb-2017 10:55:18 UTC] PHP Parse error:  syntax error, unexpected end of file, expecting function (T_FUNCTION) in /home/ubuntu/workspace/admin/include/classes/class.user.php on line 55
[03-Feb-2017 10:55:18 UTC] PHP Stack trace:
[03-Feb-2017 10:55:18 UTC] PHP   1. {main}() /home/ubuntu/workspace/admin/index.php:0
[03-Feb-2017 10:55:18 UTC] PHP   2. require_once() /home/ubuntu/workspace/admin/index.php:5
[03-Feb-2017 10:56:48 UTC] PHP Parse error:  syntax error, unexpected end of file, expecting function (T_FUNCTION) in /home/ubuntu/workspace/admin/include/classes/class.user.php on line 55
[03-Feb-2017 10:56:48 UTC] PHP Stack trace:
[03-Feb-2017 10:56:48 UTC] PHP   1. {main}() /home/ubuntu/workspace/admin/index.php:0
[03-Feb-2017 10:56:48 UTC] PHP   2. require_once() /home/ubuntu/workspace/admin/index.php:5
[03-Feb-2017 10:57:17 UTC] PHP Parse error:  syntax error, unexpected end of file, expecting function (T_FUNCTION) in /home/ubuntu/workspace/admin/include/classes/class.user.php on line 55
[03-Feb-2017 10:57:17 UTC] PHP Stack trace:
[03-Feb-2017 10:57:17 UTC] PHP   1. {main}() /home/ubuntu/workspace/admin/index.php:0
[03-Feb-2017 10:57:17 UTC] PHP   2. require_once() /home/ubuntu/workspace/admin/index.php:5
[03-Feb-2017 10:57:32 UTC] PHP Parse error:  syntax error, unexpected end of file, expecting function (T_FUNCTION) in /home/ubuntu/workspace/admin/include/classes/class.user.php on line 55
[03-Feb-2017 10:57:32 UTC] PHP Stack trace:
[03-Feb-2017 10:57:32 UTC] PHP   1. {main}() /home/ubuntu/workspace/admin/index.php:0
[03-Feb-2017 10:57:32 UTC] PHP   2. require_once() /home/ubuntu/workspace/admin/index.php:5
[03-Feb-2017 10:59:32 UTC] PHP Parse error:  syntax error, unexpected end of file, expecting function (T_FUNCTION) in /home/ubuntu/workspace/admin/include/classes/class.user.php on line 55
[03-Feb-2017 10:59:32 UTC] PHP Stack trace:
[03-Feb-2017 10:59:32 UTC] PHP   1. {main}() /home/ubuntu/workspace/admin/index.php:0
[03-Feb-2017 10:59:32 UTC] PHP   2. require_once() /home/ubuntu/workspace/admin/index.php:6
[03-Feb-2017 11:00:11 UTC] PHP Parse error:  syntax error, unexpected end of file, expecting function (T_FUNCTION) in /home/ubuntu/workspace/admin/include/classes/class.user.php on line 55
[03-Feb-2017 11:00:11 UTC] PHP Stack trace:
[03-Feb-2017 11:00:11 UTC] PHP   1. {main}() /home/ubuntu/workspace/admin/index.php:0
[03-Feb-2017 11:00:11 UTC] PHP   2. require_once() /home/ubuntu/workspace/admin/index.php:6
[03-Feb-2017 11:00:31 UTC] PHP Parse error:  syntax error, unexpected end of file, expecting function (T_FUNCTION) in /home/ubuntu/workspace/admin/include/classes/class.user.php on line 55
[03-Feb-2017 11:00:31 UTC] PHP Stack trace:
[03-Feb-2017 11:00:31 UTC] PHP   1. {main}() /home/ubuntu/workspace/admin/index.php:0
[03-Feb-2017 11:00:31 UTC] PHP   2. require_once() /home/ubuntu/workspace/admin/index.php:6
[03-Feb-2017 11:07:25 UTC] PHP Parse error:  syntax error, unexpected end of file, expecting function (T_FUNCTION) in /home/ubuntu/workspace/admin/include/classes/class.user.php on line 55
[03-Feb-2017 11:07:25 UTC] PHP Stack trace:
[03-Feb-2017 11:07:25 UTC] PHP   1. {main}() /home/ubuntu/workspace/admin/index.php:0
[03-Feb-2017 11:07:25 UTC] PHP   2. require_once() /home/ubuntu/workspace/admin/index.php:6
[03-Feb-2017 11:08:42 UTC] PHP Parse error:  syntax error, unexpected end of file, expecting function (T_FUNCTION) in /home/ubuntu/workspace/admin/include/classes/class.oeuvre.php on line 113
[03-Feb-2017 11:08:42 UTC] PHP Stack trace:
[03-Feb-2017 11:08:42 UTC] PHP   1. {main}() /home/ubuntu/workspace/admin/index.php:0
[03-Feb-2017 11:08:42 UTC] PHP   2. require_once() /home/ubuntu/workspace/admin/index.php:6
[03-Feb-2017 14:51:03 UTC] PHP Fatal error:  Call to undefined function sql() in /home/ubuntu/workspace/admin/include/classes/class.user.php on line 97
[03-Feb-2017 14:51:03 UTC] PHP Stack trace:
[03-Feb-2017 14:51:03 UTC] PHP   1. {main}() /home/ubuntu/workspace/admin/index.php:0
[03-Feb-2017 14:51:03 UTC] PHP   2. User::login() /home/ubuntu/workspace/admin/index.php:9
